[35m[Appium][39m Welcome to Appium v1.22.3
[35m[Appium][39m Non-default server args:
[35m[Appium][39m   port: 56339
[35m[Appium][39m   loglevel: info
[35m[Appium][39m   tmpDir: C:\Users\User\AppData\Local\Temp\\Katalon\Appium\Temp1671062776002
[35m[Appium][39m   chromedriverPort: 56340
[35m[Appium][39m Deprecated server args:
[35m[Appium][39m   [31m--chromedriver-port[39m => --default-capabilities
[35m[Appium][39m Default capabilities, which will be added to each request unless overridden by desired capabilities:
[35m[Appium][39m   chromedriverPort: 56340
[35m[Appium][39m Appium REST http interface listener started on 0.0.0.0:56339
[35m[HTTP][39m [37m-->[39m [37mGET[39m [37m/wd/hub/status[39m
[35m[HTTP][39m [90m{}[39m
[35m[HTTP][39m [37m<-- GET /wd/hub/status [39m[32m200[39m [90m10 ms - 68[39m
[35m[HTTP][39m [90m[39m
[35m[HTTP][39m [37m-->[39m [37mPOST[39m [37m/wd/hub/session[39m
[35m[HTTP][39m [90m{"desiredCapabilities":{"app":"C:\\Users\\User\\git\\android-testing\\Data Files\\android-app\\Android-MyDemoAppRN.1.2.0.build-231.apk","noReset":false,"deviceName":"vivo vivo 1724 (Android 8.1.0)","fullReset":true,"platform":"ANDROID","newCommandTimeout":1800,"platformVersion":"8.1.0","automationName":"uiautomator2","autoGrantPermissions":true,"platformName":"Android","udid":"2bea65c1","systemPort":56338},"capabilities":{"firstMatch":[{"appium:app":"C:\\Users\\User\\git\\android-testing\\Data Files\\android-app\\Android-MyDemoAppRN.1.2.0.build-231.apk","appium:autoGrantPermissions":true,"appium:automationName":"uiautomator2","appium:deviceName":"vivo vivo 1724 (Android 8.1.0)","appium:fullReset":true,"appium:newCommandTimeout":1800,"appium:noReset":false,"platform":"ANDROID","platformName":"android","appium:platformVersion":"8.1.0","appium:systemPort":56338,"appium:udid":"2bea65c1"}]}}[39m
[35m[BaseDriver][39m The following capabilities are not standard capabilities and should have an extension prefix:
[35m[BaseDriver][39m   platform
[35m[BaseDriver][39m   chromedriverPort
[35m[Appium][39m Appium v1.22.3 creating new AndroidUiautomator2Driver (v1.70.1) session
[35m[BaseDriver][39m The following capabilities were provided, but are not recognized by Appium:
[35m[BaseDriver][39m   platform
[35m[BaseDriver][39m Session created with session id: 3a77d2f7-79b7-47a2-b9ff-c30b9861d1a8
[35m[BaseDriver][39m Using local app 'C:\Users\User\git\android-testing\Data Files\android-app\Android-MyDemoAppRN.1.2.0.build-231.apk'
[35m[ADB][39m Found 1 'build-tools' folders under 'C:\Users\User\.katalon\tools\android_sdk' (newest first):
[35m[ADB][39m     C:/Users/User/.katalon/tools/android_sdk/build-tools/29.0.3
[35m[ADB][39m Using 'adb.exe' from 'C:\Users\User\.katalon\tools\android_sdk\platform-tools\adb.exe'
[35m[AndroidDriver][39m Retrieving device list
[35m[AndroidDriver][39m Using device: 2bea65c1
[35m[ADB][39m Using 'adb.exe' from 'C:\Users\User\.katalon\tools\android_sdk\platform-tools\adb.exe'
[35m[ADB][39m Package name: 'com.saucelabs.mydemoapp.rn'
[35m[ADB][39m Main activity name: 'com.saucelabs.mydemoapp.rn.MainActivity'
[35m[ADB][39m Using 'apksigner.jar' from 'C:\Users\User\.katalon\tools\android_sdk\build-tools\29.0.3\lib\apksigner.jar'
[35m[ADB][39m 'C:\Users\User\AppData\Roaming\npm\node_modules\appium\node_modules\appium-uiautomator2-server\apks\appium-uiautomator2-server-v4.27.0.apk' is signed with the default certificate
[35m[ADB][39m 'C:\Users\User\AppData\Roaming\npm\node_modules\appium\node_modules\appium-uiautomator2-server\apks\appium-uiautomator2-server-debug-androidTest.apk' is signed with the default certificate
[35m[UiAutomator2][39m Server packages are not going to be (re)installed
[35m[ADB][39m Adding packages ["io.appium.settings","io.appium.uiautomator2.server","io.appium.uiautomator2.server.test"] to Doze whitelist
[35m[ADB][39m 'C:\Users\User\git\android-testing\Data Files\android-app\Android-MyDemoAppRN.1.2.0.build-231.apk' is signed with a non-default certificate
[35m[ADB][39m com.saucelabs.mydemoapp.rn was not uninstalled, because it was not present on the device
[35m[ADB][39m The application at 'C:\Users\User\git\android-testing\Data Files\android-app\Android-MyDemoAppRN.1.2.0.build-231.apk' will not be cached, because the device under test has confirmed the support of streamed installs
[35m[ADB][39m The installation of 'Android-MyDemoAppRN.1.2.0.build-231.apk' took 13583ms
[35m[UiAutomator2][39m Starting UIAutomator2 server 4.27.0
[35m[UiAutomator2][39m Using UIAutomator2 server from 'C:\Users\User\AppData\Roaming\npm\node_modules\appium\node_modules\appium-uiautomator2-server\apks\appium-uiautomator2-server-v4.27.0.apk' and test from 'C:\Users\User\AppData\Roaming\npm\node_modules\appium\node_modules\appium-uiautomator2-server\apks\appium-uiautomator2-server-debug-androidTest.apk'
[35m[UiAutomator2][39m Waiting up to 30000ms for UiAutomator2 to be online...
[35m[WD Proxy][39m socket hang up
[35m[WD Proxy][39m socket hang up
[35m[WD Proxy][39m socket hang up
[35m[WD Proxy][39m socket hang up
[35m[WD Proxy][39m socket hang up
[35m[WD Proxy][39m socket hang up
[35m[WD Proxy][39m Determined the downstream protocol as 'W3C'
[35m[AndroidDriver][39m Screen already unlocked, doing nothing
[35m[UiAutomator2][39m Starting 'com.saucelabs.mydemoapp.rn/com.saucelabs.mydemoapp.rn.MainActivity and waiting for 'com.saucelabs.mydemoapp.rn/com.saucelabs.mydemoapp.rn.MainActivity'
[35m[Appium][39m New AndroidUiautomator2Driver session created successfully, session 3a77d2f7-79b7-47a2-b9ff-c30b9861d1a8 added to master session list
[35m[HTTP][39m [37m<-- POST /wd/hub/session [39m[32m200[39m [90m34981 ms - 1355[39m
[35m[HTTP][39m [90m[39m
[35m[HTTP][39m [37m-->[39m [37mGET[39m [37m/wd/hub/session/3a77d2f7-79b7-47a2-b9ff-c30b9861d1a8[39m
[35m[HTTP][39m [90m{}[39m
[35m[HTTP][39m [37m<-- GET /wd/hub/session/3a77d2f7-79b7-47a2-b9ff-c30b9861d1a8 [39m[32m200[39m [90m41 ms - 1309[39m
[35m[HTTP][39m [90m[39m
[35m[HTTP][39m [37m-->[39m [37mGET[39m [37m/wd/hub/session/3a77d2f7-79b7-47a2-b9ff-c30b9861d1a8[39m
[35m[HTTP][39m [90m{}[39m
[35m[HTTP][39m [37m<-- GET /wd/hub/session/3a77d2f7-79b7-47a2-b9ff-c30b9861d1a8 [39m[32m200[39m [90m32 ms - 1309[39m
[35m[HTTP][39m [90m[39m
[35m[HTTP][39m [37m-->[39m [37mGET[39m [37m/wd/hub/status[39m
[35m[HTTP][39m [90m{}[39m
[35m[HTTP][39m [37m<-- GET /wd/hub/status [39m[32m200[39m [90m2 ms - 68[39m
[35m[HTTP][39m [90m[39m
[35m[HTTP][39m [37m-->[39m [37mPOST[39m [37m/wd/hub/session/3a77d2f7-79b7-47a2-b9ff-c30b9861d1a8/timeouts[39m
[35m[HTTP][39m [90m{"implicit":30000}[39m
[35m[HTTP][39m [37m<-- POST /wd/hub/session/3a77d2f7-79b7-47a2-b9ff-c30b9861d1a8/timeouts [39m[32m200[39m [90m8 ms - 14[39m
[35m[HTTP][39m [90m[39m
[35m[HTTP][39m [37m-->[39m [37mGET[39m [37m/wd/hub/session/3a77d2f7-79b7-47a2-b9ff-c30b9861d1a8/screenshot[39m
[35m[HTTP][39m [90m{}[39m
[35m[HTTP][39m [37m<-- GET /wd/hub/session/3a77d2f7-79b7-47a2-b9ff-c30b9861d1a8/screenshot [39m[32m200[39m [90m1612 ms - 826488[39m
[35m[HTTP][39m [90m[39m
[35m[HTTP][39m [37m-->[39m [37mGET[39m [37m/wd/hub/session/3a77d2f7-79b7-47a2-b9ff-c30b9861d1a8/window/rect[39m
[35m[HTTP][39m [90m{}[39m
[35m[HTTP][39m [37m<-- GET /wd/hub/session/3a77d2f7-79b7-47a2-b9ff-c30b9861d1a8/window/rect [39m[32m200[39m [90m57 ms - 49[39m
[35m[HTTP][39m [90m[39m
[35m[HTTP][39m [37m-->[39m [37mGET[39m [37m/wd/hub/session/3a77d2f7-79b7-47a2-b9ff-c30b9861d1a8/appium/device/system_bars[39m
[35m[HTTP][39m [90m{}[39m
[35m[HTTP][39m [37m<-- GET /wd/hub/session/3a77d2f7-79b7-47a2-b9ff-c30b9861d1a8/appium/device/system_bars [39m[32m200[39m [90m150 ms - 148[39m
[35m[HTTP][39m [90m[39m
[35m[HTTP][39m [37m-->[39m [37mPOST[39m [37m/wd/hub/session/3a77d2f7-79b7-47a2-b9ff-c30b9861d1a8/timeouts[39m
[35m[HTTP][39m [90m{"implicit":50}[39m
[35m[HTTP][39m [37m<-- POST /wd/hub/session/3a77d2f7-79b7-47a2-b9ff-c30b9861d1a8/timeouts [39m[32m200[39m [90m9 ms - 14[39m
[35m[HTTP][39m [90m[39m
[35m[HTTP][39m [37m-->[39m [37mGET[39m [37m/wd/hub/session/3a77d2f7-79b7-47a2-b9ff-c30b9861d1a8/window/rect[39m
[35m[HTTP][39m [90m{}[39m
[35m[HTTP][39m [37m<-- GET /wd/hub/session/3a77d2f7-79b7-47a2-b9ff-c30b9861d1a8/window/rect [39m[32m200[39m [90m46 ms - 49[39m
[35m[HTTP][39m [90m[39m
[35m[HTTP][39m [37m-->[39m [37mPOST[39m [37m/wd/hub/session/3a77d2f7-79b7-47a2-b9ff-c30b9861d1a8/elements[39m
[35m[HTTP][39m [90m{"using":"xpath","value":"//hierarchy/android.widget.FrameLayout[1]/android.widget.LinearLayout[1]/android.widget.FrameLayout[1]/android.widget.LinearLayout[1]/android.widget.FrameLayout[1]/android.widget.FrameLayout[1]"}[39m
[35m[HTTP][39m [37m<-- POST /wd/hub/session/3a77d2f7-79b7-47a2-b9ff-c30b9861d1a8/elements [39m[32m200[39m [90m1861 ms - 139[39m
[35m[HTTP][39m [90m[39m
[35m[HTTP][39m [37m-->[39m [37mGET[39m [37m/wd/hub/session/3a77d2f7-79b7-47a2-b9ff-c30b9861d1a8/element/00000000-0000-01e8-ffff-ffff00000007/location[39m
[35m[HTTP][39m [90m{}[39m
[35m[W3C (3a77d2f7)][39m Driver proxy active, passing request on via HTTP proxy
[35m[WD Proxy][39m Replacing sessionId 7d101b1d-cd7a-4ff0-ba60-8215356ca5d8 with 3a77d2f7-79b7-47a2-b9ff-c30b9861d1a8
[35m[HTTP][39m [37m<-- GET /wd/hub/session/3a77d2f7-79b7-47a2-b9ff-c30b9861d1a8/element/00000000-0000-01e8-ffff-ffff00000007/location [39m[32m200[39m [90m47 ms - 75[39m
[35m[HTTP][39m [90m[39m
[35m[HTTP][39m [37m-->[39m [37mPOST[39m [37m/wd/hub/session/3a77d2f7-79b7-47a2-b9ff-c30b9861d1a8/timeouts[39m
[35m[HTTP][39m [90m{"implicit":30000}[39m
[35m[HTTP][39m [37m<-- POST /wd/hub/session/3a77d2f7-79b7-47a2-b9ff-c30b9861d1a8/timeouts [39m[32m200[39m [90m2 ms - 14[39m
[35m[HTTP][39m [90m[39m
[35m[HTTP][39m [37m-->[39m [37mPOST[39m [37m/wd/hub/session/3a77d2f7-79b7-47a2-b9ff-c30b9861d1a8/element/00000000-0000-01e8-ffff-ffff00000007/click[39m
[35m[HTTP][39m [90m{"id":"00000000-0000-01e8-ffff-ffff00000007"}[39m
[35m[HTTP][39m [37m<-- POST /wd/hub/session/3a77d2f7-79b7-47a2-b9ff-c30b9861d1a8/element/00000000-0000-01e8-ffff-ffff00000007/click [39m[32m200[39m [90m97 ms - 14[39m
[35m[HTTP][39m [90m[39m
[35m[HTTP][39m [37m-->[39m [37mPOST[39m [37m/wd/hub/session/3a77d2f7-79b7-47a2-b9ff-c30b9861d1a8/timeouts[39m
[35m[HTTP][39m [90m{"implicit":50}[39m
[35m[HTTP][39m [37m<-- POST /wd/hub/session/3a77d2f7-79b7-47a2-b9ff-c30b9861d1a8/timeouts [39m[32m200[39m [90m5 ms - 14[39m
[35m[HTTP][39m [90m[39m
[35m[HTTP][39m [37m-->[39m [37mGET[39m [37m/wd/hub/session/3a77d2f7-79b7-47a2-b9ff-c30b9861d1a8/window/rect[39m
[35m[HTTP][39m [90m{}[39m
[35m[HTTP][39m [37m<-- GET /wd/hub/session/3a77d2f7-79b7-47a2-b9ff-c30b9861d1a8/window/rect [39m[32m200[39m [90m35 ms - 49[39m
[35m[HTTP][39m [90m[39m
[35m[HTTP][39m [37m-->[39m [37mPOST[39m [37m/wd/hub/session/3a77d2f7-79b7-47a2-b9ff-c30b9861d1a8/elements[39m
[35m[HTTP][39m [90m{"using":"xpath","value":"//hierarchy/android.widget.FrameLayout[1]/android.widget.LinearLayout[1]/android.widget.FrameLayout[1]/android.widget.LinearLayout[1]/android.widget.FrameLayout[1]/android.widget.FrameLayout[1]/android.view.ViewGroup[1]/android.view.ViewGroup[1]/android.view.ViewGroup[1]/android.view.ViewGroup[1]/android.view.ViewGroup[1]/android.view.ViewGroup[1]/android.widget.FrameLayout[1]/android.view.ViewGroup[1]/android.view.ViewGroup[1]/android.view.ViewGroup[1]/android.view.ViewGroup[1]/android.view.ViewGroup[1]/android.widget.FrameLayout[1]/android.view.ViewGroup[1]/android.view.ViewGroup[1]/android.view.ViewGroup[1]/android.view.ViewGroup[1]/android.view.ViewGroup[1]/android.view.ViewGroup[1]/android.view.ViewGroup[1]/android.view.ViewGroup[1]/android.view.ViewGroup[1]/android.widget.ImageView[1]"}[39m
[35m[HTTP][39m [37m<-- POST /wd/hub/session/3a77d2f7-79b7-47a2-b9ff-c30b9861d1a8/elements [39m[32m200[39m [90m805 ms - 139[39m
[35m[HTTP][39m [90m[39m
[35m[HTTP][39m [37m-->[39m [37mGET[39m [37m/wd/hub/session/3a77d2f7-79b7-47a2-b9ff-c30b9861d1a8/element/00000000-0000-01e8-ffff-ffff00000028/location[39m
[35m[HTTP][39m [90m{}[39m
[35m[W3C (3a77d2f7)][39m Driver proxy active, passing request on via HTTP proxy
[35m[WD Proxy][39m Replacing sessionId 7d101b1d-cd7a-4ff0-ba60-8215356ca5d8 with 3a77d2f7-79b7-47a2-b9ff-c30b9861d1a8
[35m[HTTP][39m [37m<-- GET /wd/hub/session/3a77d2f7-79b7-47a2-b9ff-c30b9861d1a8/element/00000000-0000-01e8-ffff-ffff00000028/location [39m[32m200[39m [90m38 ms - 76[39m
[35m[HTTP][39m [90m[39m
[35m[HTTP][39m [37m-->[39m [37mPOST[39m [37m/wd/hub/session/3a77d2f7-79b7-47a2-b9ff-c30b9861d1a8/timeouts[39m
[35m[HTTP][39m [90m{"implicit":30000}[39m
[35m[HTTP][39m [37m<-- POST /wd/hub/session/3a77d2f7-79b7-47a2-b9ff-c30b9861d1a8/timeouts [39m[32m200[39m [90m2 ms - 14[39m
[35m[HTTP][39m [90m[39m
[35m[HTTP][39m [37m-->[39m [37mPOST[39m [37m/wd/hub/session/3a77d2f7-79b7-47a2-b9ff-c30b9861d1a8/element/00000000-0000-01e8-ffff-ffff00000028/click[39m
[35m[HTTP][39m [90m{"id":"00000000-0000-01e8-ffff-ffff00000028"}[39m
[35m[HTTP][39m [37m<-- POST /wd/hub/session/3a77d2f7-79b7-47a2-b9ff-c30b9861d1a8/element/00000000-0000-01e8-ffff-ffff00000028/click [39m[32m200[39m [90m64 ms - 14[39m
[35m[HTTP][39m [90m[39m
[35m[HTTP][39m [37m-->[39m [37mPOST[39m [37m/wd/hub/session/3a77d2f7-79b7-47a2-b9ff-c30b9861d1a8/timeouts[39m
[35m[HTTP][39m [90m{"implicit":50}[39m
[35m[HTTP][39m [37m<-- POST /wd/hub/session/3a77d2f7-79b7-47a2-b9ff-c30b9861d1a8/timeouts [39m[32m200[39m [90m2 ms - 14[39m
[35m[HTTP][39m [90m[39m
[35m[HTTP][39m [37m-->[39m [37mGET[39m [37m/wd/hub/session/3a77d2f7-79b7-47a2-b9ff-c30b9861d1a8/window/rect[39m
[35m[HTTP][39m [90m{}[39m
[35m[HTTP][39m [37m<-- GET /wd/hub/session/3a77d2f7-79b7-47a2-b9ff-c30b9861d1a8/window/rect [39m[32m200[39m [90m36 ms - 49[39m
[35m[HTTP][39m [90m[39m
[35m[HTTP][39m [37m-->[39m [37mPOST[39m [37m/wd/hub/session/3a77d2f7-79b7-47a2-b9ff-c30b9861d1a8/elements[39m
[35m[HTTP][39m [90m{"using":"xpath","value":"//*[@class = 'android.widget.TextView' and (@text = 'Log In' or . = 'Log In')]"}[39m
[35m[HTTP][39m [37m<-- POST /wd/hub/session/3a77d2f7-79b7-47a2-b9ff-c30b9861d1a8/elements [39m[32m200[39m [90m2553 ms - 139[39m
[35m[HTTP][39m [90m[39m
[35m[HTTP][39m [37m-->[39m [37mGET[39m [37m/wd/hub/session/3a77d2f7-79b7-47a2-b9ff-c30b9861d1a8/element/00000000-0000-01e8-ffff-ffff00000086/location[39m
[35m[HTTP][39m [90m{}[39m
[35m[W3C (3a77d2f7)][39m Driver proxy active, passing request on via HTTP proxy
[35m[WD Proxy][39m Replacing sessionId 7d101b1d-cd7a-4ff0-ba60-8215356ca5d8 with 3a77d2f7-79b7-47a2-b9ff-c30b9861d1a8
[35m[HTTP][39m [37m<-- GET /wd/hub/session/3a77d2f7-79b7-47a2-b9ff-c30b9861d1a8/element/00000000-0000-01e8-ffff-ffff00000086/location [39m[32m200[39m [90m36 ms - 77[39m
[35m[HTTP][39m [90m[39m
[35m[HTTP][39m [37m-->[39m [37mPOST[39m [37m/wd/hub/session/3a77d2f7-79b7-47a2-b9ff-c30b9861d1a8/timeouts[39m
[35m[HTTP][39m [90m{"implicit":30000}[39m
[35m[HTTP][39m [37m<-- POST /wd/hub/session/3a77d2f7-79b7-47a2-b9ff-c30b9861d1a8/timeouts [39m[32m200[39m [90m5 ms - 14[39m
[35m[HTTP][39m [90m[39m
[35m[HTTP][39m [37m-->[39m [37mPOST[39m [37m/wd/hub/session/3a77d2f7-79b7-47a2-b9ff-c30b9861d1a8/element/00000000-0000-01e8-ffff-ffff00000086/click[39m
[35m[HTTP][39m [90m{"id":"00000000-0000-01e8-ffff-ffff00000086"}[39m
[35m[HTTP][39m [37m<-- POST /wd/hub/session/3a77d2f7-79b7-47a2-b9ff-c30b9861d1a8/element/00000000-0000-01e8-ffff-ffff00000086/click [39m[32m200[39m [90m48 ms - 14[39m
[35m[HTTP][39m [90m[39m
[35m[HTTP][39m [37m-->[39m [37mPOST[39m [37m/wd/hub/session/3a77d2f7-79b7-47a2-b9ff-c30b9861d1a8/timeouts[39m
[35m[HTTP][39m [90m{"implicit":50}[39m
[35m[HTTP][39m [37m<-- POST /wd/hub/session/3a77d2f7-79b7-47a2-b9ff-c30b9861d1a8/timeouts [39m[32m200[39m [90m2 ms - 14[39m
[35m[HTTP][39m [90m[39m
[35m[HTTP][39m [37m-->[39m [37mGET[39m [37m/wd/hub/session/3a77d2f7-79b7-47a2-b9ff-c30b9861d1a8/window/rect[39m
[35m[HTTP][39m [90m{}[39m
[35m[HTTP][39m [37m<-- GET /wd/hub/session/3a77d2f7-79b7-47a2-b9ff-c30b9861d1a8/window/rect [39m[32m200[39m [90m30 ms - 49[39m
[35m[HTTP][39m [90m[39m
[35m[HTTP][39m [37m-->[39m [37mPOST[39m [37m/wd/hub/session/3a77d2f7-79b7-47a2-b9ff-c30b9861d1a8/elements[39m
[35m[HTTP][39m [90m{"using":"accessibility id","value":"Username input field"}[39m
[35m[HTTP][39m [37m<-- POST /wd/hub/session/3a77d2f7-79b7-47a2-b9ff-c30b9861d1a8/elements [39m[32m200[39m [90m199 ms - 139[39m
[35m[HTTP][39m [90m[39m
[35m[HTTP][39m [37m-->[39m [37mGET[39m [37m/wd/hub/session/3a77d2f7-79b7-47a2-b9ff-c30b9861d1a8/element/00000000-0000-01e8-ffff-ffff0000008a/location[39m
[35m[HTTP][39m [90m{}[39m
[35m[W3C (3a77d2f7)][39m Driver proxy active, passing request on via HTTP proxy
[35m[WD Proxy][39m Replacing sessionId 7d101b1d-cd7a-4ff0-ba60-8215356ca5d8 with 3a77d2f7-79b7-47a2-b9ff-c30b9861d1a8
[35m[HTTP][39m [37m<-- GET /wd/hub/session/3a77d2f7-79b7-47a2-b9ff-c30b9861d1a8/element/00000000-0000-01e8-ffff-ffff0000008a/location [39m[32m200[39m [90m1266 ms - 77[39m
[35m[HTTP][39m [90m[39m
[35m[HTTP][39m [37m-->[39m [37mPOST[39m [37m/wd/hub/session/3a77d2f7-79b7-47a2-b9ff-c30b9861d1a8/timeouts[39m
[35m[HTTP][39m [90m{"implicit":30000}[39m
[35m[HTTP][39m [37m<-- POST /wd/hub/session/3a77d2f7-79b7-47a2-b9ff-c30b9861d1a8/timeouts [39m[32m200[39m [90m2 ms - 14[39m
[35m[HTTP][39m [90m[39m
[35m[HTTP][39m [37m-->[39m [37mPOST[39m [37m/wd/hub/session/3a77d2f7-79b7-47a2-b9ff-c30b9861d1a8/element/00000000-0000-01e8-ffff-ffff0000008a/clear[39m
[35m[HTTP][39m [90m{"id":"00000000-0000-01e8-ffff-ffff0000008a"}[39m
[35m[HTTP][39m [37m<-- POST /wd/hub/session/3a77d2f7-79b7-47a2-b9ff-c30b9861d1a8/element/00000000-0000-01e8-ffff-ffff0000008a/clear [39m[32m200[39m [90m49 ms - 14[39m
[35m[HTTP][39m [90m[39m
[35m[HTTP][39m [37m-->[39m [37mPOST[39m [37m/wd/hub/session/3a77d2f7-79b7-47a2-b9ff-c30b9861d1a8/element/00000000-0000-01e8-ffff-ffff0000008a/value[39m
[35m[HTTP][39m [90m{"id":"00000000-0000-01e8-ffff-ffff0000008a","text":"bob@example.com","value":["b","o","b","@","e","x","a","m","p","l","e",".","c","o","m"]}[39m
[35m[HTTP][39m [37m<-- POST /wd/hub/session/3a77d2f7-79b7-47a2-b9ff-c30b9861d1a8/element/00000000-0000-01e8-ffff-ffff0000008a/value [39m[32m200[39m [90m525 ms - 14[39m
[35m[HTTP][39m [90m[39m
[35m[HTTP][39m [37m-->[39m [37mPOST[39m [37m/wd/hub/session/3a77d2f7-79b7-47a2-b9ff-c30b9861d1a8/timeouts[39m
[35m[HTTP][39m [90m{"implicit":50}[39m
[35m[HTTP][39m [37m<-- POST /wd/hub/session/3a77d2f7-79b7-47a2-b9ff-c30b9861d1a8/timeouts [39m[32m200[39m [90m2 ms - 14[39m
[35m[HTTP][39m [90m[39m
[35m[HTTP][39m [37m-->[39m [37mGET[39m [37m/wd/hub/session/3a77d2f7-79b7-47a2-b9ff-c30b9861d1a8/window/rect[39m
[35m[HTTP][39m [90m{}[39m
[35m[HTTP][39m [37m<-- GET /wd/hub/session/3a77d2f7-79b7-47a2-b9ff-c30b9861d1a8/window/rect [39m[32m200[39m [90m40 ms - 49[39m
[35m[HTTP][39m [90m[39m
[35m[HTTP][39m [37m-->[39m [37mPOST[39m [37m/wd/hub/session/3a77d2f7-79b7-47a2-b9ff-c30b9861d1a8/elements[39m
[35m[HTTP][39m [90m{"using":"accessibility id","value":"Login button"}[39m
[35m[HTTP][39m [37m<-- POST /wd/hub/session/3a77d2f7-79b7-47a2-b9ff-c30b9861d1a8/elements [39m[32m200[39m [90m394 ms - 139[39m
[35m[HTTP][39m [90m[39m
[35m[HTTP][39m [37m-->[39m [37mGET[39m [37m/wd/hub/session/3a77d2f7-79b7-47a2-b9ff-c30b9861d1a8/element/00000000-0000-01e8-ffff-ffff000000a5/location[39m
[35m[HTTP][39m [90m{}[39m
[35m[W3C (3a77d2f7)][39m Driver proxy active, passing request on via HTTP proxy
[35m[WD Proxy][39m Replacing sessionId 7d101b1d-cd7a-4ff0-ba60-8215356ca5d8 with 3a77d2f7-79b7-47a2-b9ff-c30b9861d1a8
[35m[HTTP][39m [37m<-- GET /wd/hub/session/3a77d2f7-79b7-47a2-b9ff-c30b9861d1a8/element/00000000-0000-01e8-ffff-ffff000000a5/location [39m[32m200[39m [90m37 ms - 78[39m
[35m[HTTP][39m [90m[39m
[35m[HTTP][39m [37m-->[39m [37mPOST[39m [37m/wd/hub/session/3a77d2f7-79b7-47a2-b9ff-c30b9861d1a8/timeouts[39m
[35m[HTTP][39m [90m{"implicit":30000}[39m
[35m[HTTP][39m [37m<-- POST /wd/hub/session/3a77d2f7-79b7-47a2-b9ff-c30b9861d1a8/timeouts [39m[32m200[39m [90m2 ms - 14[39m
[35m[HTTP][39m [90m[39m
[35m[HTTP][39m [37m-->[39m [37mPOST[39m [37m/wd/hub/session/3a77d2f7-79b7-47a2-b9ff-c30b9861d1a8/element/00000000-0000-01e8-ffff-ffff000000a5/click[39m
[35m[HTTP][39m [90m{"id":"00000000-0000-01e8-ffff-ffff000000a5"}[39m
[35m[HTTP][39m [37m<-- POST /wd/hub/session/3a77d2f7-79b7-47a2-b9ff-c30b9861d1a8/element/00000000-0000-01e8-ffff-ffff000000a5/click [39m[32m200[39m [90m52 ms - 14[39m
[35m[HTTP][39m [90m[39m
[35m[HTTP][39m [37m-->[39m [37mPOST[39m [37m/wd/hub/session/3a77d2f7-79b7-47a2-b9ff-c30b9861d1a8/timeouts[39m
[35m[HTTP][39m [90m{"implicit":50}[39m
[35m[HTTP][39m [37m<-- POST /wd/hub/session/3a77d2f7-79b7-47a2-b9ff-c30b9861d1a8/timeouts [39m[32m200[39m [90m2 ms - 14[39m
[35m[HTTP][39m [90m[39m
[35m[HTTP][39m [37m-->[39m [37mGET[39m [37m/wd/hub/session/3a77d2f7-79b7-47a2-b9ff-c30b9861d1a8/window/rect[39m
[35m[HTTP][39m [90m{}[39m
[35m[HTTP][39m [37m<-- GET /wd/hub/session/3a77d2f7-79b7-47a2-b9ff-c30b9861d1a8/window/rect [39m[32m200[39m [90m31 ms - 49[39m
[35m[HTTP][39m [90m[39m
[35m[HTTP][39m [37m-->[39m [37mPOST[39m [37m/wd/hub/session/3a77d2f7-79b7-47a2-b9ff-c30b9861d1a8/elements[39m
[35m[HTTP][39m [90m{"using":"xpath","value":"//*[@class = 'android.widget.TextView' and (@text = 'Password is required' or . = 'Password is required')]"}[39m
[35m[HTTP][39m [37m<-- POST /wd/hub/session/3a77d2f7-79b7-47a2-b9ff-c30b9861d1a8/elements [39m[32m200[39m [90m995 ms - 139[39m
[35m[HTTP][39m [90m[39m
[35m[HTTP][39m [37m-->[39m [37mGET[39m [37m/wd/hub/session/3a77d2f7-79b7-47a2-b9ff-c30b9861d1a8/element/00000000-0000-01e8-ffff-ffff000000be/location[39m
[35m[HTTP][39m [90m{}[39m
[35m[W3C (3a77d2f7)][39m Driver proxy active, passing request on via HTTP proxy
[35m[WD Proxy][39m Replacing sessionId 7d101b1d-cd7a-4ff0-ba60-8215356ca5d8 with 3a77d2f7-79b7-47a2-b9ff-c30b9861d1a8
[35m[HTTP][39m [37m<-- GET /wd/hub/session/3a77d2f7-79b7-47a2-b9ff-c30b9861d1a8/element/00000000-0000-01e8-ffff-ffff000000be/location [39m[32m200[39m [90m37 ms - 77[39m
[35m[HTTP][39m [90m[39m
[35m[HTTP][39m [37m-->[39m [37mPOST[39m [37m/wd/hub/session/3a77d2f7-79b7-47a2-b9ff-c30b9861d1a8/timeouts[39m
[35m[HTTP][39m [90m{"implicit":30000}[39m
[35m[HTTP][39m [37m<-- POST /wd/hub/session/3a77d2f7-79b7-47a2-b9ff-c30b9861d1a8/timeouts [39m[32m200[39m [90m2 ms - 14[39m
[35m[HTTP][39m [90m[39m
[35m[HTTP][39m [37m-->[39m [37mGET[39m [37m/wd/hub/session/3a77d2f7-79b7-47a2-b9ff-c30b9861d1a8/element/00000000-0000-01e8-ffff-ffff000000be/text[39m
[35m[HTTP][39m [90m{}[39m
[35m[W3C (3a77d2f7)][39m Driver proxy active, passing request on via HTTP proxy
[35m[WD Proxy][39m Replacing sessionId 7d101b1d-cd7a-4ff0-ba60-8215356ca5d8 with 3a77d2f7-79b7-47a2-b9ff-c30b9861d1a8
[35m[HTTP][39m [37m<-- GET /wd/hub/session/3a77d2f7-79b7-47a2-b9ff-c30b9861d1a8/element/00000000-0000-01e8-ffff-ffff000000be/text [39m[32m200[39m [90m30 ms - 83[39m
[35m[HTTP][39m [90m[39m
[35m[HTTP][39m [37m-->[39m [37mPOST[39m [37m/wd/hub/session/3a77d2f7-79b7-47a2-b9ff-c30b9861d1a8/timeouts[39m
[35m[HTTP][39m [90m{"implicit":50}[39m
[35m[HTTP][39m [37m<-- POST /wd/hub/session/3a77d2f7-79b7-47a2-b9ff-c30b9861d1a8/timeouts [39m[32m200[39m [90m2 ms - 14[39m
[35m[HTTP][39m [90m[39m
[35m[HTTP][39m [37m-->[39m [37mGET[39m [37m/wd/hub/session/3a77d2f7-79b7-47a2-b9ff-c30b9861d1a8/window/rect[39m
[35m[HTTP][39m [90m{}[39m
[35m[HTTP][39m [37m<-- GET /wd/hub/session/3a77d2f7-79b7-47a2-b9ff-c30b9861d1a8/window/rect [39m[32m200[39m [90m36 ms - 49[39m
[35m[HTTP][39m [90m[39m
[35m[HTTP][39m [37m-->[39m [37mPOST[39m [37m/wd/hub/session/3a77d2f7-79b7-47a2-b9ff-c30b9861d1a8/elements[39m
[35m[HTTP][39m [90m{"using":"xpath","value":"//hierarchy/android.widget.FrameLayout[1]/android.widget.LinearLayout[1]/android.widget.FrameLayout[1]/android.widget.LinearLayout[1]/android.widget.FrameLayout[1]/android.widget.FrameLayout[1]/android.view.ViewGroup[1]/android.view.ViewGroup[1]/android.view.ViewGroup[1]/android.view.ViewGroup[1]/android.view.ViewGroup[1]/android.view.ViewGroup[1]/android.widget.FrameLayout[1]/android.view.ViewGroup[1]/android.view.ViewGroup[1]/android.view.ViewGroup[1]/android.view.ViewGroup[1]/android.view.ViewGroup[1]/android.widget.FrameLayout[1]/android.view.ViewGroup[1]/android.view.ViewGroup[1]/android.view.ViewGroup[2]/android.view.ViewGroup[1]/android.view.ViewGroup[1]/android.view.ViewGroup[1]/android.view.ViewGroup[1]/android.view.ViewGroup[1]/android.view.ViewGroup[1]/android.widget.ImageView[1]"}[39m
[35m[HTTP][39m [37m<-- POST /wd/hub/session/3a77d2f7-79b7-47a2-b9ff-c30b9861d1a8/elements [39m[32m200[39m [90m453 ms - 139[39m
[35m[HTTP][39m [90m[39m
[35m[HTTP][39m [37m-->[39m [37mGET[39m [37m/wd/hub/session/3a77d2f7-79b7-47a2-b9ff-c30b9861d1a8/element/00000000-0000-01e8-ffff-ffff000000b2/location[39m
[35m[HTTP][39m [90m{}[39m
[35m[W3C (3a77d2f7)][39m Driver proxy active, passing request on via HTTP proxy
[35m[WD Proxy][39m Replacing sessionId 7d101b1d-cd7a-4ff0-ba60-8215356ca5d8 with 3a77d2f7-79b7-47a2-b9ff-c30b9861d1a8
[35m[HTTP][39m [37m<-- GET /wd/hub/session/3a77d2f7-79b7-47a2-b9ff-c30b9861d1a8/element/00000000-0000-01e8-ffff-ffff000000b2/location [39m[32m200[39m [90m31 ms - 76[39m
[35m[HTTP][39m [90m[39m
[35m[HTTP][39m [37m-->[39m [37mPOST[39m [37m/wd/hub/session/3a77d2f7-79b7-47a2-b9ff-c30b9861d1a8/timeouts[39m
[35m[HTTP][39m [90m{"implicit":30000}[39m
[35m[HTTP][39m [37m<-- POST /wd/hub/session/3a77d2f7-79b7-47a2-b9ff-c30b9861d1a8/timeouts [39m[32m200[39m [90m1 ms - 14[39m
[35m[HTTP][39m [90m[39m
[35m[HTTP][39m [37m-->[39m [37mPOST[39m [37m/wd/hub/session/3a77d2f7-79b7-47a2-b9ff-c30b9861d1a8/element/00000000-0000-01e8-ffff-ffff000000b2/click[39m
[35m[HTTP][39m [90m{"id":"00000000-0000-01e8-ffff-ffff000000b2"}[39m
[35m[HTTP][39m [37m<-- POST /wd/hub/session/3a77d2f7-79b7-47a2-b9ff-c30b9861d1a8/element/00000000-0000-01e8-ffff-ffff000000b2/click [39m[32m200[39m [90m51 ms - 14[39m
[35m[HTTP][39m [90m[39m
[35m[HTTP][39m [37m-->[39m [37mPOST[39m [37m/wd/hub/session/3a77d2f7-79b7-47a2-b9ff-c30b9861d1a8/timeouts[39m
[35m[HTTP][39m [90m{"implicit":50}[39m
[35m[HTTP][39m [37m<-- POST /wd/hub/session/3a77d2f7-79b7-47a2-b9ff-c30b9861d1a8/timeouts [39m[32m200[39m [90m2 ms - 14[39m
[35m[HTTP][39m [90m[39m
[35m[HTTP][39m [37m-->[39m [37mGET[39m [37m/wd/hub/session/3a77d2f7-79b7-47a2-b9ff-c30b9861d1a8/window/rect[39m
[35m[HTTP][39m [90m{}[39m
[35m[HTTP][39m [37m<-- GET /wd/hub/session/3a77d2f7-79b7-47a2-b9ff-c30b9861d1a8/window/rect [39m[32m200[39m [90m39 ms - 49[39m
[35m[HTTP][39m [90m[39m
[35m[HTTP][39m [37m-->[39m [37mPOST[39m [37m/wd/hub/session/3a77d2f7-79b7-47a2-b9ff-c30b9861d1a8/elements[39m
[35m[HTTP][39m [90m{"using":"accessibility id","value":"open menu"}[39m
[35m[HTTP][39m [37m<-- POST /wd/hub/session/3a77d2f7-79b7-47a2-b9ff-c30b9861d1a8/elements [39m[32m200[39m [90m1809 ms - 139[39m
[35m[HTTP][39m [90m[39m
[35m[HTTP][39m [37m-->[39m [37mGET[39m [37m/wd/hub/session/3a77d2f7-79b7-47a2-b9ff-c30b9861d1a8/element/00000000-0000-01e8-ffff-ffff000000b1/location[39m
[35m[HTTP][39m [90m{}[39m
[35m[W3C (3a77d2f7)][39m Driver proxy active, passing request on via HTTP proxy
[35m[WD Proxy][39m Replacing sessionId 7d101b1d-cd7a-4ff0-ba60-8215356ca5d8 with 3a77d2f7-79b7-47a2-b9ff-c30b9861d1a8
[35m[HTTP][39m [37m<-- GET /wd/hub/session/3a77d2f7-79b7-47a2-b9ff-c30b9861d1a8/element/00000000-0000-01e8-ffff-ffff000000b1/location [39m[32m200[39m [90m33 ms - 76[39m
[35m[HTTP][39m [90m[39m
[35m[HTTP][39m [37m-->[39m [37mPOST[39m [37m/wd/hub/session/3a77d2f7-79b7-47a2-b9ff-c30b9861d1a8/timeouts[39m
[35m[HTTP][39m [90m{"implicit":30000}[39m
[35m[HTTP][39m [37m<-- POST /wd/hub/session/3a77d2f7-79b7-47a2-b9ff-c30b9861d1a8/timeouts [39m[32m200[39m [90m2 ms - 14[39m
[35m[HTTP][39m [90m[39m
[35m[HTTP][39m [37m-->[39m [37mPOST[39m [37m/wd/hub/session/3a77d2f7-79b7-47a2-b9ff-c30b9861d1a8/element/00000000-0000-01e8-ffff-ffff000000b1/click[39m
[35m[HTTP][39m [90m{"id":"00000000-0000-01e8-ffff-ffff000000b1"}[39m
[35m[HTTP][39m [37m<-- POST /wd/hub/session/3a77d2f7-79b7-47a2-b9ff-c30b9861d1a8/element/00000000-0000-01e8-ffff-ffff000000b1/click [39m[32m200[39m [90m62 ms - 14[39m
[35m[HTTP][39m [90m[39m
[35m[HTTP][39m [37m-->[39m [37mDELETE[39m [37m/wd/hub/session/3a77d2f7-79b7-47a2-b9ff-c30b9861d1a8[39m
[35m[HTTP][39m [90m{}[39m
[35m[Appium][39m Removing session 3a77d2f7-79b7-47a2-b9ff-c30b9861d1a8 from our master session list
[35m[ADB][39m com.saucelabs.mydemoapp.rn was successfully uninstalled
[35m[HTTP][39m [37m<-- DELETE /wd/hub/session/3a77d2f7-79b7-47a2-b9ff-c30b9861d1a8 [39m[32m200[39m [90m1899 ms - 14[39m
[35m[HTTP][39m [90m[39m
