[35m[Appium][39m Welcome to Appium v1.22.3
[35m[Appium][39m Non-default server args:
[35m[Appium][39m   port: 57936
[35m[Appium][39m   loglevel: info
[35m[Appium][39m   tmpDir: C:\Users\User\AppData\Local\Temp\\Katalon\Appium\Temp1671063863199
[35m[Appium][39m   chromedriverPort: 57937
[35m[Appium][39m Deprecated server args:
[35m[Appium][39m   [31m--chromedriver-port[39m => --default-capabilities
[35m[Appium][39m Default capabilities, which will be added to each request unless overridden by desired capabilities:
[35m[Appium][39m   chromedriverPort: 57937
[35m[Appium][39m Appium REST http interface listener started on 0.0.0.0:57936
[35m[HTTP][39m [37m-->[39m [37mGET[39m [37m/wd/hub/status[39m
[35m[HTTP][39m [90m{}[39m
[35m[HTTP][39m [37m<-- GET /wd/hub/status [39m[32m200[39m [90m8 ms - 68[39m
[35m[HTTP][39m [90m[39m
[35m[HTTP][39m [37m-->[39m [37mGET[39m [37m/wd/hub/status[39m
[35m[HTTP][39m [90m{}[39m
[35m[HTTP][39m [37m<-- GET /wd/hub/status [39m[32m200[39m [90m2 ms - 68[39m
[35m[HTTP][39m [90m[39m
[35m[HTTP][39m [37m-->[39m [37mPOST[39m [37m/wd/hub/session[39m
[35m[HTTP][39m [90m{"desiredCapabilities":{"appActivity":".Settings","appPackage":"com.android.settings","newCommandTimeout":1800,"platformVersion":"8.1.0","automationName":"uiautomator2","autoGrantPermissions":true,"platformName":"Android","udid":"2bea65c1","deviceName":"vivo vivo 1724 (Android 8.1.0)","platform":"ANDROID","systemPort":8292},"capabilities":{"firstMatch":[{"appium:appActivity":".Settings","appium:appPackage":"com.android.settings","appium:autoGrantPermissions":true,"appium:automationName":"uiautomator2","appium:deviceName":"vivo vivo 1724 (Android 8.1.0)","appium:newCommandTimeout":1800,"platform":"ANDROID","platformName":"android","appium:platformVersion":"8.1.0","appium:systemPort":8292,"appium:udid":"2bea65c1"}]}}[39m
[35m[BaseDriver][39m The following capabilities are not standard capabilities and should have an extension prefix:
[35m[BaseDriver][39m   platform
[35m[BaseDriver][39m   chromedriverPort
[35m[Appium][39m Appium v1.22.3 creating new AndroidUiautomator2Driver (v1.70.1) session
[35m[BaseDriver][39m The following capabilities were provided, but are not recognized by Appium:
[35m[BaseDriver][39m   platform
[35m[BaseDriver][39m Session created with session id: b6b71daa-d898-468e-8b30-36463aef05e4
[35m[UiAutomator2][39m Starting 'com.android.settings' directly on the device
[35m[ADB][39m Found 1 'build-tools' folders under 'C:\Users\User\.katalon\tools\android_sdk' (newest first):
[35m[ADB][39m     C:/Users/User/.katalon/tools/android_sdk/build-tools/29.0.3
[35m[ADB][39m Using 'adb.exe' from 'C:\Users\User\.katalon\tools\android_sdk\platform-tools\adb.exe'
[35m[AndroidDriver][39m Retrieving device list
[35m[AndroidDriver][39m Using device: 2bea65c1
[35m[ADB][39m Using 'adb.exe' from 'C:\Users\User\.katalon\tools\android_sdk\platform-tools\adb.exe'
[35m[AndroidDriver][39m No app sent in, not parsing package/activity
[35m[ADB][39m Using 'apksigner.jar' from 'C:\Users\User\.katalon\tools\android_sdk\build-tools\29.0.3\lib\apksigner.jar'
[35m[ADB][39m 'C:\Users\User\AppData\Roaming\npm\node_modules\appium\node_modules\appium-uiautomator2-server\apks\appium-uiautomator2-server-v4.27.0.apk' is signed with the default certificate
[35m[ADB][39m 'C:\Users\User\AppData\Roaming\npm\node_modules\appium\node_modules\appium-uiautomator2-server\apks\appium-uiautomator2-server-debug-androidTest.apk' is signed with the default certificate
[35m[UiAutomator2][39m Server packages are not going to be (re)installed
[35m[ADB][39m Adding packages ["io.appium.settings","io.appium.uiautomator2.server","io.appium.uiautomator2.server.test"] to Doze whitelist
[35m[UiAutomator2][39m Starting UIAutomator2 server 4.27.0
[35m[UiAutomator2][39m Using UIAutomator2 server from 'C:\Users\User\AppData\Roaming\npm\node_modules\appium\node_modules\appium-uiautomator2-server\apks\appium-uiautomator2-server-v4.27.0.apk' and test from 'C:\Users\User\AppData\Roaming\npm\node_modules\appium\node_modules\appium-uiautomator2-server\apks\appium-uiautomator2-server-debug-androidTest.apk'
[35m[UiAutomator2][39m Waiting up to 30000ms for UiAutomator2 to be online...
[35m[WD Proxy][39m socket hang up
[35m[WD Proxy][39m socket hang up
[35m[WD Proxy][39m socket hang up
[35m[WD Proxy][39m socket hang up
[35m[WD Proxy][39m socket hang up
[35m[WD Proxy][39m Determined the downstream protocol as 'W3C'
[35m[AndroidDriver][39m Screen already unlocked, doing nothing
[35m[UiAutomator2][39m Starting 'com.android.settings/.Settings and waiting for 'com.android.settings/.Settings'
[35m[Appium][39m New AndroidUiautomator2Driver session created successfully, session b6b71daa-d898-468e-8b30-36463aef05e4 added to master session list
[35m[HTTP][39m [37m<-- POST /wd/hub/session [39m[32m200[39m [90m16591 ms - 1145[39m
[35m[HTTP][39m [90m[39m
[35m[HTTP][39m [37m-->[39m [37mGET[39m [37m/wd/hub/session/b6b71daa-d898-468e-8b30-36463aef05e4[39m
[35m[HTTP][39m [90m{}[39m
[35m[HTTP][39m [37m<-- GET /wd/hub/session/b6b71daa-d898-468e-8b30-36463aef05e4 [39m[32m200[39m [90m32 ms - 1099[39m
[35m[HTTP][39m [90m[39m
[35m[HTTP][39m [37m-->[39m [37mGET[39m [37m/wd/hub/session/b6b71daa-d898-468e-8b30-36463aef05e4[39m
[35m[HTTP][39m [90m{}[39m
[35m[HTTP][39m [37m<-- GET /wd/hub/session/b6b71daa-d898-468e-8b30-36463aef05e4 [39m[32m200[39m [90m27 ms - 1099[39m
[35m[HTTP][39m [90m[39m
[35m[HTTP][39m [37m-->[39m [37mGET[39m [37m/wd/hub/status[39m
[35m[HTTP][39m [90m{}[39m
[35m[HTTP][39m [37m<-- GET /wd/hub/status [39m[32m200[39m [90m1 ms - 68[39m
[35m[HTTP][39m [90m[39m
[35m[HTTP][39m [37m-->[39m [37mPOST[39m [37m/wd/hub/session/b6b71daa-d898-468e-8b30-36463aef05e4/timeouts[39m
[35m[HTTP][39m [90m{"implicit":60000}[39m
[35m[HTTP][39m [37m<-- POST /wd/hub/session/b6b71daa-d898-468e-8b30-36463aef05e4/timeouts [39m[32m200[39m [90m5 ms - 14[39m
[35m[HTTP][39m [90m[39m
[35m[HTTP][39m [37m-->[39m [37mGET[39m [37m/wd/hub/session/b6b71daa-d898-468e-8b30-36463aef05e4/screenshot[39m
[35m[HTTP][39m [90m{}[39m
[35m[HTTP][39m [37m<-- GET /wd/hub/session/b6b71daa-d898-468e-8b30-36463aef05e4/screenshot [39m[32m200[39m [90m739 ms - 128692[39m
[35m[HTTP][39m [90m[39m
[35m[HTTP][39m [37m-->[39m [37mGET[39m [37m/wd/hub/session/b6b71daa-d898-468e-8b30-36463aef05e4/window/rect[39m
[35m[HTTP][39m [90m{}[39m
[35m[HTTP][39m [37m<-- GET /wd/hub/session/b6b71daa-d898-468e-8b30-36463aef05e4/window/rect [39m[32m200[39m [90m56 ms - 49[39m
[35m[HTTP][39m [90m[39m
[35m[HTTP][39m [37m-->[39m [37mGET[39m [37m/wd/hub/session/b6b71daa-d898-468e-8b30-36463aef05e4/appium/device/system_bars[39m
[35m[HTTP][39m [90m{}[39m
[35m[HTTP][39m [37m<-- GET /wd/hub/session/b6b71daa-d898-468e-8b30-36463aef05e4/appium/device/system_bars [39m[32m200[39m [90m118 ms - 148[39m
[35m[HTTP][39m [90m[39m
[35m[HTTP][39m [37m-->[39m [37mPOST[39m [37m/wd/hub/session/b6b71daa-d898-468e-8b30-36463aef05e4/appium/device/activate_app[39m
[35m[HTTP][39m [90m{"bundleId":"com.saucelabs.mydemoapp.rn"}[39m
[35m[HTTP][39m [37m<-- POST /wd/hub/session/b6b71daa-d898-468e-8b30-36463aef05e4/appium/device/activate_app [39m[32m200[39m [90m1164 ms - 14[39m
[35m[HTTP][39m [90m[39m
[35m[HTTP][39m [37m-->[39m [37mGET[39m [37m/wd/hub/session/b6b71daa-d898-468e-8b30-36463aef05e4/source[39m
[35m[HTTP][39m [90m{}[39m
[35m[W3C (b6b71daa)][39m Driver proxy active, passing request on via HTTP proxy
[35m[WD Proxy][39m Replacing sessionId 71f4d704-8ea9-4c5a-95e2-3d77d185c01b with b6b71daa-d898-468e-8b30-36463aef05e4
[35m[HTTP][39m [37m<-- GET /wd/hub/session/b6b71daa-d898-468e-8b30-36463aef05e4/source [39m[32m200[39m [90m706 ms - 3674[39m
[35m[HTTP][39m [90m[39m
[35m[HTTP][39m [37m-->[39m [37mGET[39m [37m/wd/hub/session/b6b71daa-d898-468e-8b30-36463aef05e4/screenshot[39m
[35m[HTTP][39m [90m{}[39m
[35m[HTTP][39m [37m<-- GET /wd/hub/session/b6b71daa-d898-468e-8b30-36463aef05e4/screenshot [39m[32m200[39m [90m736 ms - 67602[39m
[35m[HTTP][39m [90m[39m
[35m[HTTP][39m [37m-->[39m [37mPOST[39m [37m/wd/hub/session/b6b71daa-d898-468e-8b30-36463aef05e4/elements[39m
[35m[HTTP][39m [90m{"using":"xpath","value":"//*[@class = 'android.widget.LinearLayout' and @resource-id = 'com.saucelabs.mydemoapp.rn:id/action_bar_root' and (@text = '' or . = '')]"}[39m
[35m[HTTP][39m [37m<-- POST /wd/hub/session/b6b71daa-d898-468e-8b30-36463aef05e4/elements [39m[32m200[39m [90m4248 ms - 139[39m
[35m[HTTP][39m [90m[39m
[35m[HTTP][39m [37m-->[39m [37mGET[39m [37m/wd/hub/session/b6b71daa-d898-468e-8b30-36463aef05e4/window/rect[39m
[35m[HTTP][39m [90m{}[39m
[35m[HTTP][39m [37m<-- GET /wd/hub/session/b6b71daa-d898-468e-8b30-36463aef05e4/window/rect [39m[32m200[39m [90m34 ms - 49[39m
[35m[HTTP][39m [90m[39m
[35m[HTTP][39m [37m-->[39m [37mPOST[39m [37m/wd/hub/session/b6b71daa-d898-468e-8b30-36463aef05e4/elements[39m
[35m[HTTP][39m [90m{"using":"xpath","value":"//*[@class = 'android.widget.LinearLayout' and @resource-id = 'com.saucelabs.mydemoapp.rn:id/action_bar_root' and (@text = '' or . = '')]"}[39m
[35m[HTTP][39m [37m<-- POST /wd/hub/session/b6b71daa-d898-468e-8b30-36463aef05e4/elements [39m[32m200[39m [90m1420 ms - 139[39m
[35m[HTTP][39m [90m[39m
[35m[HTTP][39m [37m-->[39m [37mGET[39m [37m/wd/hub/session/b6b71daa-d898-468e-8b30-36463aef05e4/element/00000000-0000-0227-ffff-ffff00000006/location[39m
[35m[HTTP][39m [90m{}[39m
[35m[W3C (b6b71daa)][39m Driver proxy active, passing request on via HTTP proxy
[35m[WD Proxy][39m Replacing sessionId 71f4d704-8ea9-4c5a-95e2-3d77d185c01b with b6b71daa-d898-468e-8b30-36463aef05e4
[35m[HTTP][39m [37m<-- GET /wd/hub/session/b6b71daa-d898-468e-8b30-36463aef05e4/element/00000000-0000-0227-ffff-ffff00000006/location [39m[32m200[39m [90m65 ms - 75[39m
[35m[HTTP][39m [90m[39m
[35m[HTTP][39m [37m-->[39m [37mPOST[39m [37m/wd/hub/session/b6b71daa-d898-468e-8b30-36463aef05e4/element/00000000-0000-0227-ffff-ffff00000006/click[39m
[35m[HTTP][39m [90m{"id":"00000000-0000-0227-ffff-ffff00000006"}[39m
[35m[HTTP][39m [37m<-- POST /wd/hub/session/b6b71daa-d898-468e-8b30-36463aef05e4/element/00000000-0000-0227-ffff-ffff00000006/click [39m[32m200[39m [90m114 ms - 14[39m
[35m[HTTP][39m [90m[39m
[35m[HTTP][39m [37m-->[39m [37mGET[39m [37m/wd/hub/session/b6b71daa-d898-468e-8b30-36463aef05e4/source[39m
[35m[HTTP][39m [90m{}[39m
[35m[W3C (b6b71daa)][39m Driver proxy active, passing request on via HTTP proxy
[35m[WD Proxy][39m Replacing sessionId 71f4d704-8ea9-4c5a-95e2-3d77d185c01b with b6b71daa-d898-468e-8b30-36463aef05e4
[35m[HTTP][39m [37m<-- GET /wd/hub/session/b6b71daa-d898-468e-8b30-36463aef05e4/source [39m[32m200[39m [90m1077 ms - 40071[39m
[35m[HTTP][39m [90m[39m
[35m[HTTP][39m [37m-->[39m [37mGET[39m [37m/wd/hub/session/b6b71daa-d898-468e-8b30-36463aef05e4/screenshot[39m
[35m[HTTP][39m [90m{}[39m
[35m[HTTP][39m [37m<-- GET /wd/hub/session/b6b71daa-d898-468e-8b30-36463aef05e4/screenshot [39m[32m200[39m [90m1711 ms - 827978[39m
[35m[HTTP][39m [90m[39m
[35m[HTTP][39m [37m-->[39m [37mPOST[39m [37m/wd/hub/session/b6b71daa-d898-468e-8b30-36463aef05e4/elements[39m
[35m[HTTP][39m [90m{"using":"xpath","value":"//*[@class = 'android.widget.ImageView' and (@text = '' or . = '')]"}[39m
[35m[HTTP][39m [37m<-- POST /wd/hub/session/b6b71daa-d898-468e-8b30-36463aef05e4/elements [39m[32m200[39m [90m772 ms - 1035[39m
[35m[HTTP][39m [90m[39m
[35m[HTTP][39m [37m-->[39m [37mPOST[39m [37m/wd/hub/session/b6b71daa-d898-468e-8b30-36463aef05e4/elements[39m
[35m[HTTP][39m [90m{"using":"-android uiautomator","value":"new UiSelector().className(\"android.widget.ImageView\")"}[39m
[35m[HTTP][39m [37m<-- POST /wd/hub/session/b6b71daa-d898-468e-8b30-36463aef05e4/elements [39m[32m200[39m [90m303 ms - 1035[39m
[35m[HTTP][39m [90m[39m
[35m[HTTP][39m [37m-->[39m [37mGET[39m [37m/wd/hub/session/b6b71daa-d898-468e-8b30-36463aef05e4/window/rect[39m
[35m[HTTP][39m [90m{}[39m
[35m[HTTP][39m [37m<-- GET /wd/hub/session/b6b71daa-d898-468e-8b30-36463aef05e4/window/rect [39m[32m200[39m [90m25 ms - 49[39m
[35m[HTTP][39m [90m[39m
[35m[HTTP][39m [37m-->[39m [37mPOST[39m [37m/wd/hub/session/b6b71daa-d898-468e-8b30-36463aef05e4/elements[39m
[35m[HTTP][39m [90m{"using":"xpath","value":"//hierarchy/android.widget.FrameLayout[1]/android.widget.LinearLayout[1]/android.widget.FrameLayout[1]/android.widget.LinearLayout[1]/android.widget.FrameLayout[1]/android.widget.FrameLayout[1]/android.view.ViewGroup[1]/android.view.ViewGroup[1]/android.view.ViewGroup[1]/android.view.ViewGroup[1]/android.view.ViewGroup[1]/android.view.ViewGroup[1]/android.widget.FrameLayout[1]/android.view.ViewGroup[1]/android.view.ViewGroup[1]/android.view.ViewGroup[1]/android.view.ViewGroup[1]/android.view.ViewGroup[1]/android.widget.FrameLayout[1]/android.view.ViewGroup[1]/android.view.ViewGroup[1]/android.view.ViewGroup[1]/android.view.ViewGroup[1]/android.view.ViewGroup[1]/android.view.ViewGroup[1]/android.view.ViewGroup[1]/android.view.ViewGroup[1]/android.view.ViewGroup[1]/android.widget.ImageView[1]"}[39m
[35m[HTTP][39m [37m<-- POST /wd/hub/session/b6b71daa-d898-468e-8b30-36463aef05e4/elements [39m[32m200[39m [90m556 ms - 139[39m
[35m[HTTP][39m [90m[39m
[35m[HTTP][39m [37m-->[39m [37mGET[39m [37m/wd/hub/session/b6b71daa-d898-468e-8b30-36463aef05e4/element/00000000-0000-0227-ffff-ffff0000002a/location[39m
[35m[HTTP][39m [90m{}[39m
[35m[W3C (b6b71daa)][39m Driver proxy active, passing request on via HTTP proxy
[35m[WD Proxy][39m Replacing sessionId 71f4d704-8ea9-4c5a-95e2-3d77d185c01b with b6b71daa-d898-468e-8b30-36463aef05e4
[35m[HTTP][39m [37m<-- GET /wd/hub/session/b6b71daa-d898-468e-8b30-36463aef05e4/element/00000000-0000-0227-ffff-ffff0000002a/location [39m[32m200[39m [90m30 ms - 76[39m
[35m[HTTP][39m [90m[39m
[35m[HTTP][39m [37m-->[39m [37mPOST[39m [37m/wd/hub/session/b6b71daa-d898-468e-8b30-36463aef05e4/element/00000000-0000-0227-ffff-ffff0000002a/click[39m
[35m[HTTP][39m [90m{"id":"00000000-0000-0227-ffff-ffff0000002a"}[39m
[35m[HTTP][39m [37m<-- POST /wd/hub/session/b6b71daa-d898-468e-8b30-36463aef05e4/element/00000000-0000-0227-ffff-ffff0000002a/click [39m[32m200[39m [90m53 ms - 14[39m
[35m[HTTP][39m [90m[39m
[35m[HTTP][39m [37m-->[39m [37mGET[39m [37m/wd/hub/session/b6b71daa-d898-468e-8b30-36463aef05e4/source[39m
[35m[HTTP][39m [90m{}[39m
[35m[W3C (b6b71daa)][39m Driver proxy active, passing request on via HTTP proxy
[35m[WD Proxy][39m Replacing sessionId 71f4d704-8ea9-4c5a-95e2-3d77d185c01b with b6b71daa-d898-468e-8b30-36463aef05e4
[35m[HTTP][39m [37m<-- GET /wd/hub/session/b6b71daa-d898-468e-8b30-36463aef05e4/source [39m[32m200[39m [90m1573 ms - 52017[39m
[35m[HTTP][39m [90m[39m
[35m[HTTP][39m [37m-->[39m [37mGET[39m [37m/wd/hub/session/b6b71daa-d898-468e-8b30-36463aef05e4/screenshot[39m
[35m[HTTP][39m [90m{}[39m
[35m[HTTP][39m [37m<-- GET /wd/hub/session/b6b71daa-d898-468e-8b30-36463aef05e4/screenshot [39m[32m200[39m [90m913 ms - 340696[39m
[35m[HTTP][39m [90m[39m
[35m[HTTP][39m [37m-->[39m [37mPOST[39m [37m/wd/hub/session/b6b71daa-d898-468e-8b30-36463aef05e4/elements[39m
[35m[HTTP][39m [90m{"using":"xpath","value":"//*[@class = 'android.widget.TextView' and (@text = 'Log In' or . = 'Log In')]"}[39m
[35m[HTTP][39m [37m<-- POST /wd/hub/session/b6b71daa-d898-468e-8b30-36463aef05e4/elements [39m[32m200[39m [90m711 ms - 139[39m
[35m[HTTP][39m [90m[39m
[35m[HTTP][39m [37m-->[39m [37mGET[39m [37m/wd/hub/session/b6b71daa-d898-468e-8b30-36463aef05e4/window/rect[39m
[35m[HTTP][39m [90m{}[39m
[35m[HTTP][39m [37m<-- GET /wd/hub/session/b6b71daa-d898-468e-8b30-36463aef05e4/window/rect [39m[32m200[39m [90m22 ms - 49[39m
[35m[HTTP][39m [90m[39m
[35m[HTTP][39m [37m-->[39m [37mPOST[39m [37m/wd/hub/session/b6b71daa-d898-468e-8b30-36463aef05e4/elements[39m
[35m[HTTP][39m [90m{"using":"xpath","value":"//*[@class = 'android.widget.TextView' and (@text = 'Log In' or . = 'Log In')]"}[39m
[35m[HTTP][39m [37m<-- POST /wd/hub/session/b6b71daa-d898-468e-8b30-36463aef05e4/elements [39m[32m200[39m [90m656 ms - 139[39m
[35m[HTTP][39m [90m[39m
[35m[HTTP][39m [37m-->[39m [37mGET[39m [37m/wd/hub/session/b6b71daa-d898-468e-8b30-36463aef05e4/element/00000000-0000-0227-ffff-ffff00000088/location[39m
[35m[HTTP][39m [90m{}[39m
[35m[W3C (b6b71daa)][39m Driver proxy active, passing request on via HTTP proxy
[35m[WD Proxy][39m Replacing sessionId 71f4d704-8ea9-4c5a-95e2-3d77d185c01b with b6b71daa-d898-468e-8b30-36463aef05e4
[35m[HTTP][39m [37m<-- GET /wd/hub/session/b6b71daa-d898-468e-8b30-36463aef05e4/element/00000000-0000-0227-ffff-ffff00000088/location [39m[32m200[39m [90m31 ms - 77[39m
[35m[HTTP][39m [90m[39m
[35m[HTTP][39m [37m-->[39m [37mPOST[39m [37m/wd/hub/session/b6b71daa-d898-468e-8b30-36463aef05e4/element/00000000-0000-0227-ffff-ffff00000088/click[39m
[35m[HTTP][39m [90m{"id":"00000000-0000-0227-ffff-ffff00000088"}[39m
[35m[HTTP][39m [37m<-- POST /wd/hub/session/b6b71daa-d898-468e-8b30-36463aef05e4/element/00000000-0000-0227-ffff-ffff00000088/click [39m[32m200[39m [90m53 ms - 14[39m
[35m[HTTP][39m [90m[39m
[35m[HTTP][39m [37m-->[39m [37mGET[39m [37m/wd/hub/session/b6b71daa-d898-468e-8b30-36463aef05e4/source[39m
[35m[HTTP][39m [90m{}[39m
[35m[W3C (b6b71daa)][39m Driver proxy active, passing request on via HTTP proxy
[35m[WD Proxy][39m Replacing sessionId 71f4d704-8ea9-4c5a-95e2-3d77d185c01b with b6b71daa-d898-468e-8b30-36463aef05e4
[35m[HTTP][39m [37m<-- GET /wd/hub/session/b6b71daa-d898-468e-8b30-36463aef05e4/source [39m[32m200[39m [90m1713 ms - 26342[39m
[35m[HTTP][39m [90m[39m
[35m[HTTP][39m [37m-->[39m [37mGET[39m [37m/wd/hub/session/b6b71daa-d898-468e-8b30-36463aef05e4/screenshot[39m
[35m[HTTP][39m [90m{}[39m
[35m[HTTP][39m [37m<-- GET /wd/hub/session/b6b71daa-d898-468e-8b30-36463aef05e4/screenshot [39m[32m200[39m [90m725 ms - 89462[39m
[35m[HTTP][39m [90m[39m
[35m[HTTP][39m [37m-->[39m [37mPOST[39m [37m/wd/hub/session/b6b71daa-d898-468e-8b30-36463aef05e4/elements[39m
[35m[HTTP][39m [90m{"using":"xpath","value":"//*[@class = 'android.widget.EditText' and (@text = '' or . = '')]"}[39m
[35m[HTTP][39m [37m<-- POST /wd/hub/session/b6b71daa-d898-468e-8b30-36463aef05e4/elements [39m[32m200[39m [90m402 ms - 267[39m
[35m[HTTP][39m [90m[39m
[35m[HTTP][39m [37m-->[39m [37mPOST[39m [37m/wd/hub/session/b6b71daa-d898-468e-8b30-36463aef05e4/elements[39m
[35m[HTTP][39m [90m{"using":"accessibility id","value":"Username input field"}[39m
[35m[HTTP][39m [37m<-- POST /wd/hub/session/b6b71daa-d898-468e-8b30-36463aef05e4/elements [39m[32m200[39m [90m85 ms - 139[39m
[35m[HTTP][39m [90m[39m
[35m[HTTP][39m [37m-->[39m [37mGET[39m [37m/wd/hub/session/b6b71daa-d898-468e-8b30-36463aef05e4/window/rect[39m
[35m[HTTP][39m [90m{}[39m
[35m[HTTP][39m [37m<-- GET /wd/hub/session/b6b71daa-d898-468e-8b30-36463aef05e4/window/rect [39m[32m200[39m [90m29 ms - 49[39m
[35m[HTTP][39m [90m[39m
[35m[HTTP][39m [37m-->[39m [37mPOST[39m [37m/wd/hub/session/b6b71daa-d898-468e-8b30-36463aef05e4/elements[39m
[35m[HTTP][39m [90m{"using":"accessibility id","value":"Username input field"}[39m
[35m[HTTP][39m [37m<-- POST /wd/hub/session/b6b71daa-d898-468e-8b30-36463aef05e4/elements [39m[32m200[39m [90m76 ms - 139[39m
[35m[HTTP][39m [90m[39m
[35m[HTTP][39m [37m-->[39m [37mGET[39m [37m/wd/hub/session/b6b71daa-d898-468e-8b30-36463aef05e4/element/00000000-0000-0227-ffff-ffff0000008c/location[39m
[35m[HTTP][39m [90m{}[39m
[35m[W3C (b6b71daa)][39m Driver proxy active, passing request on via HTTP proxy
[35m[WD Proxy][39m Replacing sessionId 71f4d704-8ea9-4c5a-95e2-3d77d185c01b with b6b71daa-d898-468e-8b30-36463aef05e4
[35m[HTTP][39m [37m<-- GET /wd/hub/session/b6b71daa-d898-468e-8b30-36463aef05e4/element/00000000-0000-0227-ffff-ffff0000008c/location [39m[32m200[39m [90m33 ms - 77[39m
[35m[HTTP][39m [90m[39m
[35m[HTTP][39m [37m-->[39m [37mPOST[39m [37m/wd/hub/session/b6b71daa-d898-468e-8b30-36463aef05e4/element/00000000-0000-0227-ffff-ffff0000008c/clear[39m
[35m[HTTP][39m [90m{"id":"00000000-0000-0227-ffff-ffff0000008c"}[39m
[35m[HTTP][39m [37m<-- POST /wd/hub/session/b6b71daa-d898-468e-8b30-36463aef05e4/element/00000000-0000-0227-ffff-ffff0000008c/clear [39m[32m200[39m [90m94 ms - 14[39m
[35m[HTTP][39m [90m[39m
[35m[HTTP][39m [37m-->[39m [37mPOST[39m [37m/wd/hub/session/b6b71daa-d898-468e-8b30-36463aef05e4/element/00000000-0000-0227-ffff-ffff0000008c/value[39m
[35m[HTTP][39m [90m{"id":"00000000-0000-0227-ffff-ffff0000008c","text":"bob@example.com","value":["b","o","b","@","e","x","a","m","p","l","e",".","c","o","m"]}[39m
[35m[HTTP][39m [37m<-- POST /wd/hub/session/b6b71daa-d898-468e-8b30-36463aef05e4/element/00000000-0000-0227-ffff-ffff0000008c/value [39m[32m200[39m [90m509 ms - 14[39m
[35m[HTTP][39m [90m[39m
[35m[HTTP][39m [37m-->[39m [37mGET[39m [37m/wd/hub/session/b6b71daa-d898-468e-8b30-36463aef05e4/source[39m
[35m[HTTP][39m [90m{}[39m
[35m[W3C (b6b71daa)][39m Driver proxy active, passing request on via HTTP proxy
[35m[WD Proxy][39m Replacing sessionId 71f4d704-8ea9-4c5a-95e2-3d77d185c01b with b6b71daa-d898-468e-8b30-36463aef05e4
[35m[HTTP][39m [37m<-- GET /wd/hub/session/b6b71daa-d898-468e-8b30-36463aef05e4/source [39m[32m200[39m [90m967 ms - 26357[39m
[35m[HTTP][39m [90m[39m
[35m[HTTP][39m [37m-->[39m [37mGET[39m [37m/wd/hub/session/b6b71daa-d898-468e-8b30-36463aef05e4/screenshot[39m
[35m[HTTP][39m [90m{}[39m
[35m[HTTP][39m [37m<-- GET /wd/hub/session/b6b71daa-d898-468e-8b30-36463aef05e4/screenshot [39m[32m200[39m [90m726 ms - 95280[39m
[35m[HTTP][39m [90m[39m
[35m[HTTP][39m [37m-->[39m [37mPOST[39m [37m/wd/hub/session/b6b71daa-d898-468e-8b30-36463aef05e4/elements[39m
[35m[HTTP][39m [90m{"using":"xpath","value":"//*[@class = 'android.widget.EditText' and (@text = '' or . = '')]"}[39m
[35m[HTTP][39m [37m<-- POST /wd/hub/session/b6b71daa-d898-468e-8b30-36463aef05e4/elements [39m[32m200[39m [90m379 ms - 267[39m
[35m[HTTP][39m [90m[39m
[35m[HTTP][39m [37m-->[39m [37mPOST[39m [37m/wd/hub/session/b6b71daa-d898-468e-8b30-36463aef05e4/elements[39m
[35m[HTTP][39m [90m{"using":"accessibility id","value":"Password input field"}[39m
[35m[HTTP][39m [37m<-- POST /wd/hub/session/b6b71daa-d898-468e-8b30-36463aef05e4/elements [39m[32m200[39m [90m66 ms - 139[39m
[35m[HTTP][39m [90m[39m
[35m[HTTP][39m [37m-->[39m [37mGET[39m [37m/wd/hub/session/b6b71daa-d898-468e-8b30-36463aef05e4/window/rect[39m
[35m[HTTP][39m [90m{}[39m
[35m[HTTP][39m [37m<-- GET /wd/hub/session/b6b71daa-d898-468e-8b30-36463aef05e4/window/rect [39m[32m200[39m [90m28 ms - 49[39m
[35m[HTTP][39m [90m[39m
[35m[HTTP][39m [37m-->[39m [37mPOST[39m [37m/wd/hub/session/b6b71daa-d898-468e-8b30-36463aef05e4/elements[39m
[35m[HTTP][39m [90m{"using":"accessibility id","value":"Password input field"}[39m
[35m[HTTP][39m [37m<-- POST /wd/hub/session/b6b71daa-d898-468e-8b30-36463aef05e4/elements [39m[32m200[39m [90m76 ms - 139[39m
[35m[HTTP][39m [90m[39m
[35m[HTTP][39m [37m-->[39m [37mGET[39m [37m/wd/hub/session/b6b71daa-d898-468e-8b30-36463aef05e4/element/00000000-0000-0227-ffff-ffff0000008d/location[39m
[35m[HTTP][39m [90m{}[39m
[35m[W3C (b6b71daa)][39m Driver proxy active, passing request on via HTTP proxy
[35m[WD Proxy][39m Replacing sessionId 71f4d704-8ea9-4c5a-95e2-3d77d185c01b with b6b71daa-d898-468e-8b30-36463aef05e4
[35m[HTTP][39m [37m<-- GET /wd/hub/session/b6b71daa-d898-468e-8b30-36463aef05e4/element/00000000-0000-0227-ffff-ffff0000008d/location [39m[32m200[39m [90m29 ms - 77[39m
[35m[HTTP][39m [90m[39m
[35m[HTTP][39m [37m-->[39m [37mPOST[39m [37m/wd/hub/session/b6b71daa-d898-468e-8b30-36463aef05e4/element/00000000-0000-0227-ffff-ffff0000008d/clear[39m
[35m[HTTP][39m [90m{"id":"00000000-0000-0227-ffff-ffff0000008d"}[39m
[35m[HTTP][39m [37m<-- POST /wd/hub/session/b6b71daa-d898-468e-8b30-36463aef05e4/element/00000000-0000-0227-ffff-ffff0000008d/clear [39m[32m200[39m [90m36 ms - 14[39m
[35m[HTTP][39m [90m[39m
[35m[HTTP][39m [37m-->[39m [37mPOST[39m [37m/wd/hub/session/b6b71daa-d898-468e-8b30-36463aef05e4/element/00000000-0000-0227-ffff-ffff0000008d/value[39m
[35m[HTTP][39m [90m{"id":"00000000-0000-0227-ffff-ffff0000008d","text":"10203040","value":["1","0","2","0","3","0","4","0"]}[39m
[35m[HTTP][39m [37m<-- POST /wd/hub/session/b6b71daa-d898-468e-8b30-36463aef05e4/element/00000000-0000-0227-ffff-ffff0000008d/value [39m[32m200[39m [90m516 ms - 14[39m
[35m[HTTP][39m [90m[39m
[35m[HTTP][39m [37m-->[39m [37mGET[39m [37m/wd/hub/session/b6b71daa-d898-468e-8b30-36463aef05e4/source[39m
[35m[HTTP][39m [90m{}[39m
[35m[W3C (b6b71daa)][39m Driver proxy active, passing request on via HTTP proxy
[35m[WD Proxy][39m Replacing sessionId 71f4d704-8ea9-4c5a-95e2-3d77d185c01b with b6b71daa-d898-468e-8b30-36463aef05e4
[35m[HTTP][39m [37m<-- GET /wd/hub/session/b6b71daa-d898-468e-8b30-36463aef05e4/source [39m[32m200[39m [90m323 ms - 26381[39m
[35m[HTTP][39m [90m[39m
[35m[HTTP][39m [37m-->[39m [37mGET[39m [37m/wd/hub/session/b6b71daa-d898-468e-8b30-36463aef05e4/screenshot[39m
[35m[HTTP][39m [90m{}[39m
[35m[HTTP][39m [37m<-- GET /wd/hub/session/b6b71daa-d898-468e-8b30-36463aef05e4/screenshot [39m[32m200[39m [90m724 ms - 95588[39m
[35m[HTTP][39m [90m[39m
[35m[HTTP][39m [37m-->[39m [37mPOST[39m [37m/wd/hub/session/b6b71daa-d898-468e-8b30-36463aef05e4/elements[39m
[35m[HTTP][39m [90m{"using":"xpath","value":"//*[@class = 'android.view.ViewGroup' and (@text = '' or . = '')]"}[39m
[35m[HTTP][39m [37m<-- POST /wd/hub/session/b6b71daa-d898-468e-8b30-36463aef05e4/elements [39m[32m200[39m [90m1029 ms - 4107[39m
[35m[HTTP][39m [90m[39m
[35m[HTTP][39m [37m-->[39m [37mPOST[39m [37m/wd/hub/session/b6b71daa-d898-468e-8b30-36463aef05e4/elements[39m
[35m[HTTP][39m [90m{"using":"accessibility id","value":"Login button"}[39m
[35m[HTTP][39m [37m<-- POST /wd/hub/session/b6b71daa-d898-468e-8b30-36463aef05e4/elements [39m[32m200[39m [90m61 ms - 139[39m
[35m[HTTP][39m [90m[39m
[35m[HTTP][39m [37m-->[39m [37mGET[39m [37m/wd/hub/session/b6b71daa-d898-468e-8b30-36463aef05e4/window/rect[39m
[35m[HTTP][39m [90m{}[39m
[35m[HTTP][39m [37m<-- GET /wd/hub/session/b6b71daa-d898-468e-8b30-36463aef05e4/window/rect [39m[32m200[39m [90m21 ms - 49[39m
[35m[HTTP][39m [90m[39m
[35m[HTTP][39m [37m-->[39m [37mPOST[39m [37m/wd/hub/session/b6b71daa-d898-468e-8b30-36463aef05e4/elements[39m
[35m[HTTP][39m [90m{"using":"accessibility id","value":"Login button"}[39m
[35m[HTTP][39m [37m<-- POST /wd/hub/session/b6b71daa-d898-468e-8b30-36463aef05e4/elements [39m[32m200[39m [90m70 ms - 139[39m
[35m[HTTP][39m [90m[39m
[35m[HTTP][39m [37m-->[39m [37mGET[39m [37m/wd/hub/session/b6b71daa-d898-468e-8b30-36463aef05e4/element/00000000-0000-0227-ffff-ffff000000a7/location[39m
[35m[HTTP][39m [90m{}[39m
[35m[W3C (b6b71daa)][39m Driver proxy active, passing request on via HTTP proxy
[35m[WD Proxy][39m Replacing sessionId 71f4d704-8ea9-4c5a-95e2-3d77d185c01b with b6b71daa-d898-468e-8b30-36463aef05e4
[35m[HTTP][39m [37m<-- GET /wd/hub/session/b6b71daa-d898-468e-8b30-36463aef05e4/element/00000000-0000-0227-ffff-ffff000000a7/location [39m[32m200[39m [90m30 ms - 78[39m
[35m[HTTP][39m [90m[39m
[35m[HTTP][39m [37m-->[39m [37mPOST[39m [37m/wd/hub/session/b6b71daa-d898-468e-8b30-36463aef05e4/element/00000000-0000-0227-ffff-ffff000000a7/click[39m
[35m[HTTP][39m [90m{"id":"00000000-0000-0227-ffff-ffff000000a7"}[39m
[35m[HTTP][39m [37m<-- POST /wd/hub/session/b6b71daa-d898-468e-8b30-36463aef05e4/element/00000000-0000-0227-ffff-ffff000000a7/click [39m[32m200[39m [90m59 ms - 14[39m
[35m[HTTP][39m [90m[39m
[35m[HTTP][39m [37m-->[39m [37mGET[39m [37m/wd/hub/session/b6b71daa-d898-468e-8b30-36463aef05e4/source[39m
[35m[HTTP][39m [90m{}[39m
[35m[W3C (b6b71daa)][39m Driver proxy active, passing request on via HTTP proxy
[35m[WD Proxy][39m Replacing sessionId 71f4d704-8ea9-4c5a-95e2-3d77d185c01b with b6b71daa-d898-468e-8b30-36463aef05e4
[35m[HTTP][39m [37m<-- GET /wd/hub/session/b6b71daa-d898-468e-8b30-36463aef05e4/source [39m[32m200[39m [90m1048 ms - 40071[39m
[35m[HTTP][39m [90m[39m
[35m[HTTP][39m [37m-->[39m [37mGET[39m [37m/wd/hub/session/b6b71daa-d898-468e-8b30-36463aef05e4/screenshot[39m
[35m[HTTP][39m [90m{}[39m
[35m[HTTP][39m [37m<-- GET /wd/hub/session/b6b71daa-d898-468e-8b30-36463aef05e4/screenshot [39m[32m200[39m [90m1435 ms - 828078[39m
[35m[HTTP][39m [90m[39m
[35m[HTTP][39m [37m-->[39m [37mGET[39m [37m/wd/hub/session/b6b71daa-d898-468e-8b30-36463aef05e4/context[39m
[35m[HTTP][39m [90m{}[39m
[35m[HTTP][39m [37m<-- GET /wd/hub/session/b6b71daa-d898-468e-8b30-36463aef05e4/context [39m[32m200[39m [90m2 ms - 22[39m
[35m[HTTP][39m [90m[39m
[35m[HTTP][39m [37m-->[39m [37mGET[39m [37m/wd/hub/session/b6b71daa-d898-468e-8b30-36463aef05e4/contexts[39m
[35m[HTTP][39m [90m{}[39m
[35m[AndroidDriver][39m Skipping the webview 'WEBVIEW_30455' at '@webview_devtools_remote_30455' since it has reported having zero pages
[35m[HTTP][39m [37m<-- GET /wd/hub/session/b6b71daa-d898-468e-8b30-36463aef05e4/contexts [39m[32m200[39m [90m534 ms - 24[39m
[35m[HTTP][39m [90m[39m
[35m[HTTP][39m [37m-->[39m [37mPOST[39m [37m/wd/hub/session/b6b71daa-d898-468e-8b30-36463aef05e4/context[39m
[35m[HTTP][39m [90m{"name":"NATIVE_APP"}[39m
[35m[HTTP][39m [37m<-- POST /wd/hub/session/b6b71daa-d898-468e-8b30-36463aef05e4/context [39m[32m200[39m [90m2 ms - 14[39m
[35m[HTTP][39m [90m[39m
[35m[HTTP][39m [37m-->[39m [37mPOST[39m [37m/wd/hub/session/b6b71daa-d898-468e-8b30-36463aef05e4/appium/device/press_keycode[39m
[35m[HTTP][39m [90m{"keycode":4}[39m
[35m[HTTP][39m [37m<-- POST /wd/hub/session/b6b71daa-d898-468e-8b30-36463aef05e4/appium/device/press_keycode [39m[32m200[39m [90m65 ms - 14[39m
[35m[HTTP][39m [90m[39m
[35m[HTTP][39m [37m-->[39m [37mPOST[39m [37m/wd/hub/session/b6b71daa-d898-468e-8b30-36463aef05e4/context[39m
[35m[HTTP][39m [90m{"name":"NATIVE_APP"}[39m
[35m[HTTP][39m [37m<-- POST /wd/hub/session/b6b71daa-d898-468e-8b30-36463aef05e4/context [39m[32m200[39m [90m1 ms - 14[39m
[35m[HTTP][39m [90m[39m
[35m[HTTP][39m [37m-->[39m [37mGET[39m [37m/wd/hub/session/b6b71daa-d898-468e-8b30-36463aef05e4/source[39m
[35m[HTTP][39m [90m{}[39m
[35m[W3C (b6b71daa)][39m Driver proxy active, passing request on via HTTP proxy
[35m[WD Proxy][39m Replacing sessionId 71f4d704-8ea9-4c5a-95e2-3d77d185c01b with b6b71daa-d898-468e-8b30-36463aef05e4
[35m[HTTP][39m [37m<-- GET /wd/hub/session/b6b71daa-d898-468e-8b30-36463aef05e4/source [39m[32m200[39m [90m1304 ms - 47099[39m
[35m[HTTP][39m [90m[39m
[35m[HTTP][39m [37m-->[39m [37mGET[39m [37m/wd/hub/session/b6b71daa-d898-468e-8b30-36463aef05e4/screenshot[39m
[35m[HTTP][39m [90m{}[39m
[35m[HTTP][39m [37m<-- GET /wd/hub/session/b6b71daa-d898-468e-8b30-36463aef05e4/screenshot [39m[32m200[39m [90m755 ms - 128138[39m
[35m[HTTP][39m [90m[39m
[35m[HTTP][39m [37m-->[39m [37mDELETE[39m [37m/wd/hub/session/b6b71daa-d898-468e-8b30-36463aef05e4[39m
[35m[HTTP][39m [90m{}[39m
[35m[Appium][39m Removing session b6b71daa-d898-468e-8b30-36463aef05e4 from our master session list
[35m[HTTP][39m [37m<-- DELETE /wd/hub/session/b6b71daa-d898-468e-8b30-36463aef05e4 [39m[32m200[39m [90m263 ms - 14[39m
[35m[HTTP][39m [90m[39m
